#
# A fatal error has been detected by the Java Runtime Environment:
#
#  SIGSEGV (0xb) at pc=0x00007f558c16e156, pid=13081, tid=0x00007f5566c50700
#
# JRE version: OpenJDK Runtime Environment (8.0_171-b11) (build 1.8.0_171-8u171-b11-0ubuntu0.16.04.1-b11)
# Java VM: OpenJDK 64-Bit Server VM (25.171-b11 mixed mode linux-amd64 compressed oops)
# Problematic frame:
# C  [libc.so.6+0x14e156]
#
# Failed to write core dump. Core dumps have been disabled. To enable core dumping, try "ulimit -c unlimited" before starting Java again
#
# If you would like to submit a bug report, please visit:
#   http://bugreport.java.com/bugreport/crash.jsp
#

---------------  T H R E A D  ---------------

Current thread (0x00007f55840bd000):  JavaThread "C1 CompilerThread2" daemon [_thread_in_vm, id=13107, stack(0x00007f5566b50000,0x00007f5566c51000)]

siginfo: si_signo: 11 (SIGSEGV), si_code: 2 (SEGV_ACCERR), si_addr: 0x00007f5575225000

Registers:
RAX=0x00007f5575224020, RBX=0x00007f5566c4efc0, RCX=0x0000000000001268, RDX=0x0000000000002248
RSP=0x00007f5566c4eeb8, RBP=0x00007f5566c4efb0, RSI=0x00007f557506dac0, RDI=0x00007f5575225000
R8 =0x0000000000002260, R9 =0x0000000000002260, R10=0x00007f5575226263, R11=0x0000000000000000
R12=0x00007f5566c4f038, R13=0x00007f5566c4f7a8, R14=0x00007f5566c4f800, R15=0x00007f558b52ccf0
RIP=0x00007f558c16e156, EFLAGS=0x0000000000010287, CSGSFS=0x00000053002b0033, ERR=0x0000000000000000
  TRAPNO=0x0000000000000000

Top of Stack: (sp=0x00007f5566c4eeb8)
0x00007f5566c4eeb8:   00007f558aec5d57 0000244800000001
0x00007f5566c4eec8:   00007f5575224020 00007f5566c4f0d8
0x00007f5566c4eed8:   0000000000000000 00007f554c0526c0
0x00007f5566c4eee8:   0000000000000001 ffffffffffffffff
0x00007f5566c4eef8:   00007f558b8e7a38 00007f5566c4ef10
0x00007f5566c4ef08:   00007f558ad628c9 00007f5566c4f380
0x00007f5566c4ef18:   00007f558addf11d 0000000000000007
0x00007f5566c4ef28:   ffffffffffffffff 000006a0ffffffff
0x00007f5566c4ef38:   00007f558b8e7a38 0000000000000000
0x00007f5566c4ef48:   418149c84f2a1900 00007f5566c4efa0
0x00007f5566c4ef58:   00007f558ad4e17b 000006a000000004
0x00007f5566c4ef68:   00007f5566c4efd8 00007f5566c4f018
0x00007f5566c4ef78:   418149c84f2a1900 00007f554c0526c0
0x00007f5566c4ef88:   00007f5566c4efc0 00007f5566c4f7a8
0x00007f5566c4ef98:   00007f5575223c50 00007f5566c4f0e8
0x00007f5566c4efa8:   0000000000000010 00007f5566c4f170
0x00007f5566c4efb8:   00007f558aec6ecc 00007f558b52cc99
0x00007f5566c4efc8:   00007f5575224020 0000000000000000
0x00007f5566c4efd8:   00007f5575224020 00007f5575224020
0x00007f5566c4efe8:   0000000000000000 0000000000000000
0x00007f5566c4eff8:   0000000000000000 00007f5575224020
0x00007f5566c4f008:   418149c84f000000 00007f5566c4efc0
0x00007f5566c4f018:   00007f5575224020 0000000000000000
0x00007f5566c4f028:   00007f5575226263 00007f5575226280
0x00007f5566c4f038:   0000000000000000 0000000000000000
0x00007f5566c4f048:   0000000000000000 00007f5575224020
0x00007f5566c4f058:   00007f558a010000 00007f5566c4efc0
0x00007f5566c4f068:   00007f5575226280 0000000000000000
0x00007f5566c4f078:   00007f5575226461 00007f5575226461
0x00007f5566c4f088:   0000000000000000 0000000000000000
0x00007f5566c4f098:   0000000000000000 00007f5575226280
0x00007f5566c4f0a8:   00007f5566020000 00007f5566c4efc0 

Instructions: (pc=0x00007f558c16e156)
0x00007f558c16e136:   89 c0 c3 0f 1f 80 00 00 00 00 48 8b 0d 91 60 27
0x00007f558c16e146:   00 48 c1 e1 03 48 39 ca 73 10 48 89 d1 48 89 d1
0x00007f558c16e156:   f3 a4 c3 0f 1f 80 00 00 00 00 48 8d 0c 16 c5 fe
0x00007f558c16e166:   6f 26 c5 fa 6f 6c 16 80 c5 fa 6f 71 90 c5 fa 6f 

Register to memory mapping:

RAX=0x00007f5575224020 is at code_begin+0 in 
[CodeBlob (0x00007f5575223c50)]
Framesize: 0
RBX=0x00007f5566c4efc0 is pointing into the stack for thread: 0x00007f55840bd000
RCX=0x0000000000001268 is an unknown value
RDX=0x0000000000002248 is an unknown value
RSP=0x00007f5566c4eeb8 is pointing into the stack for thread: 0x00007f55840bd000
RBP=0x00007f5566c4efb0 is pointing into the stack for thread: 0x00007f55840bd000
RSI=0x00007f557506dac0 is at code_begin+4064 in 
[CodeBlob (0x00007f557506ca90)]
Framesize: 0
BufferBlob (0x00007f557506ca90) used for C1 temporary CodeBuffer
RDI=0x00007f5575225000 is at code_begin+4064 in 
[CodeBlob (0x00007f5575223c50)]
Framesize: 0
R8 =0x0000000000002260 is an unknown value
R9 =0x0000000000002260 is an unknown value
R10=0x00007f5575226263 is at code_begin+8771 in 
[CodeBlob (0x00007f5575223c50)]
Framesize: 0
R11=0x0000000000000000 is an unknown value
R12=0x00007f5566c4f038 is pointing into the stack for thread: 0x00007f55840bd000
R13=0x00007f5566c4f7a8 is pointing into the stack for thread: 0x00007f55840bd000
R14=0x00007f5566c4f800 is pointing into the stack for thread: 0x00007f55840bd000
R15=0x00007f558b52ccf0: <offset 0xaaccf0> in /usr/lib/jvm/java-8-openjdk-amd64/jre/lib/amd64/server/libjvm.so at 0x00007f558aa80000


Stack: [0x00007f5566b50000,0x00007f5566c51000],  sp=0x00007f5566c4eeb8,  free space=1019k
Native frames: (J=compiled Java code, j=interpreted, Vv=VM code, C=native code)
C  [libc.so.6+0x14e156]
V  [libjvm.so+0x446ecc]
V  [libjvm.so+0x441bd2]
V  [libjvm.so+0x88959f]
V  [libjvm.so+0x88a232]
V  [libjvm.so+0x3dfacf]
V  [libjvm.so+0x323ac4]
V  [libjvm.so+0x323e12]
V  [libjvm.so+0x324b07]
V  [libjvm.so+0x4768db]
V  [libjvm.so+0x478717]
V  [libjvm.so+0xa12217]
V  [libjvm.so+0xa126dc]
V  [libjvm.so+0x8b7c22]
C  [libpthread.so.0+0x76ba]  start_thread+0xca


Current CompileTask:
C1:   6927  404       3       sun.net.www.ParseUtil::canonizeString (195 bytes)


---------------  P R O C E S S  ---------------

Java Threads: ( => current thread )
  0x00007f55840f2000 JavaThread "Service Thread" daemon [_thread_blocked, id=13108, stack(0x00007f5566a40000,0x00007f5566b41000)]
=>0x00007f55840bd000 JavaThread "C1 CompilerThread2" daemon [_thread_in_vm, id=13107, stack(0x00007f5566b50000,0x00007f5566c51000)]
  0x00007f55840bb000 JavaThread "C2 CompilerThread1" daemon [_thread_blocked, id=13106, stack(0x00007f5566c60000,0x00007f5566d61000)]
  0x00007f55840b8000 JavaThread "C2 CompilerThread0" daemon [_thread_blocked, id=13105, stack(0x00007f5566d70000,0x00007f5566e71000)]
  0x00007f55840b6800 JavaThread "Signal Dispatcher" daemon [_thread_blocked, id=13104, stack(0x00007f5566e80000,0x00007f5566f81000)]
  0x00007f5584084800 JavaThread "Finalizer" daemon [_thread_blocked, id=13103, stack(0x00007f5567120000,0x00007f5567221000)]
  0x00007f5584080000 JavaThread "Reference Handler" daemon [_thread_blocked, id=13102, stack(0x00007f5567230000,0x00007f5567331000)]
  0x00007f558400a800 JavaThread "main" [_thread_blocked, id=13096, stack(0x00007f558c720000,0x00007f558c821000)]

Other Threads:
  0x00007f5584078000 VMThread [stack: 0x00007f5567340000,0x00007f5567441000] [id=13101]
  0x00007f55840fc800 WatcherThread [stack: 0x00007f5566930000,0x00007f5566a31000] [id=13109]

VM state:not at safepoint (normal execution)

VM Mutex/Monitor currently owned by a thread:  ([mutex/lock_event])
[0x00007f5584006260] CodeCache_lock - owner thread: 0x00007f55840bd000
[0x00007f55840078e0] Compile_lock - owner thread: 0x00007f55840bd000
[0x00007f55840079e0] MethodCompileQueue_lock - owner thread: 0x00007f55840bd000

Heap:
 PSYoungGen      total 37888K, used 17050K [0x00000000d6580000, 0x00000000d8f80000, 0x0000000100000000)
  eden space 32768K, 52% used [0x00000000d6580000,0x00000000d7626ab0,0x00000000d8580000)
  from space 5120K, 0% used [0x00000000d8a80000,0x00000000d8a80000,0x00000000d8f80000)
  to   space 5120K, 0% used [0x00000000d8580000,0x00000000d8580000,0x00000000d8a80000)
 ParOldGen       total 86016K, used 0K [0x0000000083000000, 0x0000000088400000, 0x00000000d6580000)
  object space 86016K, 0% used [0x0000000083000000,0x0000000083000000,0x0000000088400000)
 Metaspace       used 7226K, capacity 7412K, committed 7552K, reserved 1056768K
  class space    used 804K, capacity 896K, committed 896K, reserved 1048576K

Card table byte_map: [0x00007f5588940000,0x00007f5588d29000] byte_map_base: 0x00007f5588528000

Marking Bits: (ParMarkBitMap*) 0x00007f558b9a8320
 Begin Bits: [0x00007f556c180000, 0x00007f556e0c0000)
 End Bits:   [0x00007f556e0c0000, 0x00007f5570000000)

Polling page: 0x00007f558c900000

CodeCache: size=245760Kb used=2198Kb max_used=2198Kb free=243561Kb
 bounds [0x00007f5575000000, 0x00007f5575270000, 0x00007f5584000000]
 total_blobs=715 nmethods=403 adapters=226
 compilation: enabled

Compilation events (10 events):
Event: 6.807 Thread 0x00007f55840bd000 nmethod 399 0x00007f557521c090 code [0x00007f557521c240, 0x00007f557521c890]
Event: 6.860 Thread 0x00007f55840bd000  400       3       java.util.zip.ZipCoder::toString (190 bytes)
Event: 6.868 Thread 0x00007f55840bd000 nmethod 400 0x00007f557521e750 code [0x00007f557521eae0, 0x00007f55752209d8]
Event: 6.868 Thread 0x00007f55840bd000  401       3       java.util.zip.ZipEntry::setExtra0 (360 bytes)
Event: 6.870 Thread 0x00007f55840bd000 nmethod 401 0x00007f5575221b50 code [0x00007f5575221e00, 0x00007f5575222ae8]
Event: 6.870 Thread 0x00007f55840bd000  402       1       java.lang.ThreadLocal::getMap (5 bytes)
Event: 6.870 Thread 0x00007f55840bd000 nmethod 402 0x00007f55752198d0 code [0x00007f5575219a20, 0x00007f5575219b30]
Event: 6.897 Thread 0x00007f55840bd000  403       3       sun.net.www.protocol.jar.Handler::indexOfBangSlash (52 bytes)
Event: 6.898 Thread 0x00007f55840bd000 nmethod 403 0x00007f55752230d0 code [0x00007f5575223280, 0x00007f55752239b8]
Event: 6.898 Thread 0x00007f55840bd000  404       3       sun.net.www.ParseUtil::canonizeString (195 bytes)

GC Heap History (0 events):
No events

Deoptimization events (1 events):
Event: 6.796 Thread 0x00007f558400a800 Uncommon trap: reason=unstable_if action=reinterpret pc=0x00007f557519e790 method=java.lang.String.indexOf([CII[CIII)I @ 3

Classes redefined (0 events):
No events

Internal exceptions (8 events):
Event: 0.234 Thread 0x00007f558400a800 Exception <a 'java/lang/NoSuchMethodError': Method sun.misc.Unsafe.defineClass(Ljava/lang/String;[BII)Ljava/lang/Class; name or signature does not match> (0x00000000d6587cb0) thrown at [/build/openjdk-8-wnL82d/openjdk-8-8u171-b11/src/hotspot/src/share/vm/
Event: 0.234 Thread 0x00007f558400a800 Exception <a 'java/lang/NoSuchMethodError': Method sun.misc.Unsafe.prefetchRead(Ljava/lang/Object;J)V name or signature does not match> (0x00000000d6587f98) thrown at [/build/openjdk-8-wnL82d/openjdk-8-8u171-b11/src/hotspot/src/share/vm/prims/jni.cpp, lin
Event: 1.257 Thread 0x00007f558400a800 Exception <a 'java/security/PrivilegedActionException'> (0x00000000d6738258) thrown at [/build/openjdk-8-wnL82d/openjdk-8-8u171-b11/src/hotspot/src/share/vm/prims/jvm.cpp, line 1435]
Event: 1.257 Thread 0x00007f558400a800 Exception <a 'java/security/PrivilegedActionException'> (0x00000000d6738468) thrown at [/build/openjdk-8-wnL82d/openjdk-8-8u171-b11/src/hotspot/src/share/vm/prims/jvm.cpp, line 1435]
Event: 1.258 Thread 0x00007f558400a800 Exception <a 'java/security/PrivilegedActionException'> (0x00000000d673a4f0) thrown at [/build/openjdk-8-wnL82d/openjdk-8-8u171-b11/src/hotspot/src/share/vm/prims/jvm.cpp, line 1435]
Event: 1.258 Thread 0x00007f558400a800 Exception <a 'java/security/PrivilegedActionException'> (0x00000000d673a700) thrown at [/build/openjdk-8-wnL82d/openjdk-8-8u171-b11/src/hotspot/src/share/vm/prims/jvm.cpp, line 1435]
Event: 1.259 Thread 0x00007f558400a800 Exception <a 'java/security/PrivilegedActionException'> (0x00000000d673b1d8) thrown at [/build/openjdk-8-wnL82d/openjdk-8-8u171-b11/src/hotspot/src/share/vm/prims/jvm.cpp, line 1435]
Event: 1.259 Thread 0x00007f558400a800 Exception <a 'java/security/PrivilegedActionException'> (0x00000000d673b3e8) thrown at [/build/openjdk-8-wnL82d/openjdk-8-8u171-b11/src/hotspot/src/share/vm/prims/jvm.cpp, line 1435]

Events (10 events):
Event: 6.893 loading class com/google/common/cache/CacheBuilder
Event: 6.893 loading class com/google/common/cache/CacheBuilder done
Event: 6.893 Thread 0x00007f558400a800 DEOPT PACKING pc=0x00007f557521c76c sp=0x00007f558c81c210
Event: 6.893 Thread 0x00007f558400a800 DEOPT UNPACKING pc=0x00007f55750474c4 sp=0x00007f558c81bf08 mode 0
Event: 6.896 loading class com/google/common/cache/Cache
Event: 6.896 loading class com/google/common/cache/Cache done
Event: 6.898 loading class com/google/common/cache/LoadingCache
Event: 6.898 loading class com/google/common/cache/LoadingCache done
Event: 6.900 loading class com/google/common/base/Supplier
Event: 6.900 loading class com/google/common/base/Supplier done


Dynamic libraries:
00400000-00401000 r-xp 00000000 00:00 474560                     /usr/lib/jvm/java-8-openjdk-amd64/jre/bin/java
00600000-00601000 r--p 00000000 00:00 474560                     /usr/lib/jvm/java-8-openjdk-amd64/jre/bin/java
00601000-00602000 rw-p 00001000 00:00 474560                     /usr/lib/jvm/java-8-openjdk-amd64/jre/bin/java
01e45000-01e66000 rw-p 00000000 00:00 0                          [heap]
83000000-88400000 rw-p 00000000 00:00 0
88400000-d6580000 ---p 00000000 00:00 0
d6580000-d8f80000 rw-p 00000000 00:00 0
d8f80000-100000000 ---p 00000000 00:00 0
100000000-1000e0000 rw-p 00000000 00:00 0
1000e0000-140000000 ---p 00000000 00:00 0
7f5538000000-7f5538021000 rw-p 00000000 00:00 0
7f5538021000-7f553c000000 ---p 00000000 00:00 0
7f553c000000-7f553c021000 rw-p 00000000 00:00 0
7f553c021000-7f5540000000 ---p 00000000 00:00 0
7f5540000000-7f55401a7000 rw-p 00000000 00:00 0
7f55401a7000-7f5544000000 ---p 00000000 00:00 0
7f5544000000-7f55442a7000 rw-p 00000000 00:00 0
7f55442a7000-7f5548000000 ---p 00000000 00:00 0
7f5548000000-7f5548021000 rw-p 00000000 00:00 0
7f5548021000-7f554c000000 ---p 00000000 00:00 0
7f554c000000-7f554c18c000 rw-p 00000000 00:00 0
7f554c18c000-7f5550000000 ---p 00000000 00:00 0
7f5550000000-7f5550021000 rw-p 00000000 00:00 0
7f5550021000-7f5554000000 ---p 00000000 00:00 0
7f5554000000-7f5554021000 rw-p 00000000 00:00 0
7f5554021000-7f5558000000 ---p 00000000 00:00 0
7f5558000000-7f5558021000 rw-p 00000000 00:00 0
7f5558021000-7f555c000000 ---p 00000000 00:00 0
7f555c000000-7f555c021000 rw-p 00000000 00:00 0
7f555c021000-7f5560000000 ---p 00000000 00:00 0
7f5560000000-7f5560021000 rw-p 00000000 00:00 0
7f5560021000-7f5564000000 ---p 00000000 00:00 0
7f5565dc0000-7f5565dc2000 r-xp 00000000 00:00 68435              /lib/x86_64-linux-gnu/libutil-2.23.so
7f5565dc2000-7f5565dc3000 ---p 00002000 00:00 68435              /lib/x86_64-linux-gnu/libutil-2.23.so
7f5565dc3000-7f5565fc1000 ---p 00000003 00:00 68435              /lib/x86_64-linux-gnu/libutil-2.23.so
7f5565fc1000-7f5565fc2000 r--p 00001000 00:00 68435              /lib/x86_64-linux-gnu/libutil-2.23.so
7f5565fc2000-7f5565fc3000 rw-p 00002000 00:00 68435              /lib/x86_64-linux-gnu/libutil-2.23.so
7f5565fd0000-7f5565fd3000 r-xp 00000000 00:00 495143             /tmp/libjansi-1.16-241825124171889342.so
7f5565fd3000-7f5565fe8000 ---p 00003000 00:00 495143             /tmp/libjansi-1.16-241825124171889342.so
7f5565fe8000-7f55661d2000 ---p 00000018 00:00 495143             /tmp/libjansi-1.16-241825124171889342.so
7f55661d2000-7f55661d3000 rw-p 00002000 00:00 495143             /tmp/libjansi-1.16-241825124171889342.so
7f55661e0000-7f55664e1000 rw-p 00000000 00:00 0
7f55664f0000-7f5566506000 r-xp 00000000 00:00 474621             /usr/lib/jvm/java-8-openjdk-amd64/jre/lib/amd64/libnet.so
7f5566506000-7f5566508000 ---p 00016000 00:00 474621             /usr/lib/jvm/java-8-openjdk-amd64/jre/lib/amd64/libnet.so
7f5566508000-7f5566706000 ---p 00000018 00:00 474621             /usr/lib/jvm/java-8-openjdk-amd64/jre/lib/amd64/libnet.so
7f5566706000-7f5566707000 r--p 00016000 00:00 474621             /usr/lib/jvm/java-8-openjdk-amd64/jre/lib/amd64/libnet.so
7f5566707000-7f5566708000 rw-p 00017000 00:00 474621             /usr/lib/jvm/java-8-openjdk-amd64/jre/lib/amd64/libnet.so
7f5566710000-7f5566721000 r-xp 00000000 00:00 474627             /usr/lib/jvm/java-8-openjdk-amd64/jre/lib/amd64/libnio.so
7f5566721000-7f5566723000 ---p 00011000 00:00 474627             /usr/lib/jvm/java-8-openjdk-amd64/jre/lib/amd64/libnio.so
7f5566723000-7f5566921000 ---p 00000013 00:00 474627             /usr/lib/jvm/java-8-openjdk-amd64/jre/lib/amd64/libnio.so
7f5566921000-7f5566922000 r--p 00011000 00:00 474627             /usr/lib/jvm/java-8-openjdk-amd64/jre/lib/amd64/libnio.so
7f5566922000-7f5566923000 rw-p 00012000 00:00 474627             /usr/lib/jvm/java-8-openjdk-amd64/jre/lib/amd64/libnio.so
7f5566930000-7f5566931000 ---p 00000000 00:00 0
7f5566931000-7f5566a31000 rw-p 00000000 00:00 0
7f5566a40000-7f5566a43000 ---p 00000000 00:00 0
7f5566a43000-7f5566b41000 rw-p 00000000 00:00 0
7f5566b50000-7f5566b53000 ---p 00000000 00:00 0
7f5566b53000-7f5566c51000 rw-p 00000000 00:00 0
7f5566c60000-7f5566c63000 ---p 00000000 00:00 0
7f5566c63000-7f5566d61000 rw-p 00000000 00:00 0
7f5566d70000-7f5566d73000 ---p 00000000 00:00 0
7f5566d73000-7f5566e71000 rw-p 00000000 00:00 0
7f5566e80000-7f5566e83000 ---p 00000000 00:00 0
7f5566e83000-7f5566f81000 rw-p 00000000 00:00 0
7f5566f88000-7f5567120000 r--p 00000000 00:00 69272              /usr/lib/locale/locale-archive
7f5567120000-7f5567123000 ---p 00000000 00:00 0
7f5567123000-7f5567221000 rw-p 00000000 00:00 0
7f5567230000-7f5567233000 ---p 00000000 00:00 0
7f5567233000-7f5567331000 rw-p 00000000 00:00 0
7f5567340000-7f5567341000 ---p 00000000 00:00 0
7f5567341000-7f5567441000 rw-p 00000000 00:00 0
7f5567450000-7f5567551000 rw-p 00000000 00:00 0
7f5567560000-7f5567661000 rw-p 00000000 00:00 0
7f5567670000-7f5567771000 rw-p 00000000 00:00 0
7f5567780000-7f5567881000 rw-p 00000000 00:00 0
7f5567890000-7f5567991000 rw-p 00000000 00:00 0
7f55679a0000-7f5567aa1000 rw-p 00000000 00:00 0
7f5567ab0000-7f5567bb1000 rw-p 00000000 00:00 0
7f5567bc0000-7f5567cc1000 rw-p 00000000 00:00 0
7f5567cd0000-7f5567dd1000 rw-p 00000000 00:00 0
7f5567de0000-7f5567ee1000 rw-p 00000000 00:00 0
7f5567ef0000-7f5567ff1000 rw-p 00000000 00:00 0
7f5568000000-7f5568021000 rw-p 00000000 00:00 0
7f5568021000-7f556c000000 ---p 00000000 00:00 0
7f556c070000-7f556c171000 rw-p 00000000 00:00 0
7f556c180000-7f5570021000 rw-p 00000000 00:00 0
7f5570021000-7f5574000000 ---p 00000000 00:00 0
7f557400a000-7f5574036000 r--s 001e6000 00:00 470849             /home/hygl/.m2/wrapper/dists/apache-maven-3.5.2-bin/28qa8v9e2mq69covern8vmdkj0/apache-maven-3.5.2/lib/wagon-http-2.12-shaded.jar
7f5574036000-7f5574065000 r--s 00226000 00:00 472824             /home/hygl/.m2/wrapper/dists/apache-maven-3.5.2-bin/28qa8v9e2mq69covern8vmdkj0/apache-maven-3.5.2/lib/guava-20.0.jar
7f5574065000-7f5574080000 r--s 001d6000 00:00 474576             /usr/lib/jvm/java-8-openjdk-amd64/jre/lib/ext/nashorn.jar
7f5574080000-7f55740a1000 rw-p 00000000 00:00 0
7f55740b0000-7f55740d1000 rw-p 00000000 00:00 0
7f55740e0000-7f55741e1000 rw-p 00000000 00:00 0
7f55741f0000-7f55742f1000 rw-p 00000000 00:00 0
7f5574300000-7f5574401000 rw-p 00000000 00:00 0
7f5574410000-7f5574a90000 rw-p 00000000 00:00 0
7f5574a90000-7f5574c10000 ---p 00000000 00:00 0
7f5574c10000-7f5574ff8000 rw-p 00000000 00:00 0
7f5575000000-7f5575270000 rwxp 00000000 00:00 0
7f5575270000-7f5584000000 ---p 00000000 00:00 0
7f5584000000-7f5584549000 rw-p 00000000 00:00 0
7f5584549000-7f5588000000 ---p 00000000 00:00 0
7f5588010000-7f5588031000 rw-p 00000000 00:00 0
7f5588040000-7f5588061000 rw-p 00000000 00:00 0
7f5588070000-7f5588091000 rw-p 00000000 00:00 0
7f5588091000-7f5588260000 r--s 03c2f000 00:00 474659             /usr/lib/jvm/java-8-openjdk-amd64/jre/lib/rt.jar
7f5588260000-7f5588261000 ---p 00000000 00:00 0
7f5588261000-7f5588361000 rw-p 00000000 00:00 0
7f5588370000-7f5588371000 ---p 00000000 00:00 0
7f5588371000-7f5588471000 rw-p 00000000 00:00 0
7f5588480000-7f5588481000 ---p 00000000 00:00 0
7f5588481000-7f5588581000 rw-p 00000000 00:00 0
7f5588590000-7f5588591000 ---p 00000000 00:00 0
7f5588591000-7f5588691000 rw-p 00000000 00:00 0
7f55886a0000-7f55886ca000 rw-p 00000000 00:00 0
7f55886ca000-7f558893b000 ---p 00000000 00:00 0
7f5588940000-7f558896a000 rw-p 00000000 00:00 0
7f558896a000-7f5588bda000 ---p 00000000 00:00 0
7f5588bda000-7f5588bf0000 rw-p 00000000 00:00 0
7f5588bf0000-7f5588d28000 ---p 00000000 00:00 0
7f5588d28000-7f5588d29000 rw-p 00000000 00:00 0
7f5588d30000-7f5588d3a000 rw-p 00000000 00:00 0
7f5588d3a000-7f55890f0000 ---p 00000000 00:00 0
7f55890f0000-7f55890f8000 r-xp 00000000 00:00 474608             /usr/lib/jvm/java-8-openjdk-amd64/jre/lib/amd64/libzip.so
7f55890f8000-7f55890f9000 ---p 00008000 00:00 474608             /usr/lib/jvm/java-8-openjdk-amd64/jre/lib/amd64/libzip.so
7f55890f9000-7f55892f7000 ---p 00000009 00:00 474608             /usr/lib/jvm/java-8-openjdk-amd64/jre/lib/amd64/libzip.so
7f55892f7000-7f55892f8000 r--p 00007000 00:00 474608             /usr/lib/jvm/java-8-openjdk-amd64/jre/lib/amd64/libzip.so
7f55892f8000-7f55892f9000 rw-p 00008000 00:00 474608             /usr/lib/jvm/java-8-openjdk-amd64/jre/lib/amd64/libzip.so
7f5589300000-7f558930b000 r-xp 00000000 00:00 68413              /lib/x86_64-linux-gnu/libnss_files-2.23.so
7f558930b000-7f558930c000 ---p 0000b000 00:00 68413              /lib/x86_64-linux-gnu/libnss_files-2.23.so
7f558930c000-7f558950a000 ---p 0000000c 00:00 68413              /lib/x86_64-linux-gnu/libnss_files-2.23.so
7f558950a000-7f558950b000 r--p 0000a000 00:00 68413              /lib/x86_64-linux-gnu/libnss_files-2.23.so
7f558950b000-7f558950c000 rw-p 0000b000 00:00 68413              /lib/x86_64-linux-gnu/libnss_files-2.23.so
7f558950c000-7f5589512000 rw-p 00000000 00:00 0
7f5589520000-7f558952b000 r-xp 00000000 00:00 68465              /lib/x86_64-linux-gnu/libnss_nis-2.23.so
7f558952b000-7f558952c000 ---p 0000b000 00:00 68465              /lib/x86_64-linux-gnu/libnss_nis-2.23.so
7f558952c000-7f558972a000 ---p 0000000c 00:00 68465              /lib/x86_64-linux-gnu/libnss_nis-2.23.so
7f558972a000-7f558972b000 r--p 0000a000 00:00 68465              /lib/x86_64-linux-gnu/libnss_nis-2.23.so
7f558972b000-7f558972c000 rw-p 0000b000 00:00 68465              /lib/x86_64-linux-gnu/libnss_nis-2.23.so
7f5589730000-7f5589746000 r-xp 00000000 00:00 68394              /lib/x86_64-linux-gnu/libnsl-2.23.so
7f5589746000-7f5589747000 ---p 00016000 00:00 68394              /lib/x86_64-linux-gnu/libnsl-2.23.so
7f5589747000-7f5589945000 ---p 00000017 00:00 68394              /lib/x86_64-linux-gnu/libnsl-2.23.so
7f5589945000-7f5589946000 r--p 00015000 00:00 68394              /lib/x86_64-linux-gnu/libnsl-2.23.so
7f5589946000-7f5589947000 rw-p 00016000 00:00 68394              /lib/x86_64-linux-gnu/libnsl-2.23.so
7f5589947000-7f5589949000 rw-p 00000000 00:00 0
7f5589950000-7f5589958000 r-xp 00000000 00:00 68530              /lib/x86_64-linux-gnu/libnss_compat-2.23.so
7f5589958000-7f5589959000 ---p 00008000 00:00 68530              /lib/x86_64-linux-gnu/libnss_compat-2.23.so
7f5589959000-7f5589b57000 ---p 00000009 00:00 68530              /lib/x86_64-linux-gnu/libnss_compat-2.23.so
7f5589b57000-7f5589b58000 r--p 00007000 00:00 68530              /lib/x86_64-linux-gnu/libnss_compat-2.23.so
7f5589b58000-7f5589b59000 rw-p 00008000 00:00 68530              /lib/x86_64-linux-gnu/libnss_compat-2.23.so
7f5589b60000-7f5589b8d000 r-xp 00000000 00:00 474598             /usr/lib/jvm/java-8-openjdk-amd64/jre/lib/amd64/libjava.so
7f5589b8d000-7f5589b8f000 ---p 0002d000 00:00 474598             /usr/lib/jvm/java-8-openjdk-amd64/jre/lib/amd64/libjava.so
7f5589b8f000-7f5589d8c000 ---p 0000002f 00:00 474598             /usr/lib/jvm/java-8-openjdk-amd64/jre/lib/amd64/libjava.so
7f5589d8c000-7f5589d8d000 r--p 0002c000 00:00 474598             /usr/lib/jvm/java-8-openjdk-amd64/jre/lib/amd64/libjava.so
7f5589d8d000-7f5589d8f000 rw-p 0002d000 00:00 474598             /usr/lib/jvm/java-8-openjdk-amd64/jre/lib/amd64/libjava.so
7f5589d90000-7f5589d9f000 r-xp 00000000 00:00 474583             /usr/lib/jvm/java-8-openjdk-amd64/jre/lib/amd64/libverify.so
7f5589d9f000-7f5589da1000 ---p 0000f000 00:00 474583             /usr/lib/jvm/java-8-openjdk-amd64/jre/lib/amd64/libverify.so
7f5589da1000-7f5589f9e000 ---p 00000011 00:00 474583             /usr/lib/jvm/java-8-openjdk-amd64/jre/lib/amd64/libverify.so
7f5589f9e000-7f5589fa0000 r--p 0000e000 00:00 474583             /usr/lib/jvm/java-8-openjdk-amd64/jre/lib/amd64/libverify.so
7f5589fa0000-7f5589fa1000 rw-p 00010000 00:00 474583             /usr/lib/jvm/java-8-openjdk-amd64/jre/lib/amd64/libverify.so
7f5589fb0000-7f5589fb7000 r-xp 00000000 00:00 68464              /lib/x86_64-linux-gnu/librt-2.23.so
7f5589fb7000-7f5589fb8000 ---p 00007000 00:00 68464              /lib/x86_64-linux-gnu/librt-2.23.so
7f5589fb8000-7f558a1b6000 ---p 00000008 00:00 68464              /lib/x86_64-linux-gnu/librt-2.23.so
7f558a1b6000-7f558a1b7000 r--p 00006000 00:00 68464              /lib/x86_64-linux-gnu/librt-2.23.so
7f558a1b7000-7f558a1b8000 rw-p 00007000 00:00 68464              /lib/x86_64-linux-gnu/librt-2.23.so
7f558a1c0000-7f558a1d6000 r-xp 00000000 00:00 68528              /lib/x86_64-linux-gnu/libgcc_s.so.1
7f558a1d6000-7f558a3d5000 ---p 00000016 00:00 68528              /lib/x86_64-linux-gnu/libgcc_s.so.1
7f558a3d5000-7f558a3d6000 rw-p 00015000 00:00 68528              /lib/x86_64-linux-gnu/libgcc_s.so.1
7f558a3e0000-7f558a4e8000 r-xp 00000000 00:00 68433              /lib/x86_64-linux-gnu/libm-2.23.so
7f558a4e8000-7f558a4ea000 ---p 00108000 00:00 68433              /lib/x86_64-linux-gnu/libm-2.23.so
7f558a4ea000-7f558a6e7000 ---p 0000010a 00:00 68433              /lib/x86_64-linux-gnu/libm-2.23.so
7f558a6e7000-7f558a6e8000 r--p 00107000 00:00 68433              /lib/x86_64-linux-gnu/libm-2.23.so
7f558a6e8000-7f558a6e9000 rw-p 00108000 00:00 68433              /lib/x86_64-linux-gnu/libm-2.23.so
7f558a6f0000-7f558a862000 r-xp 00000000 00:00 74211              /usr/lib/x86_64-linux-gnu/libstdc++.so.6.0.21
7f558a862000-7f558a86f000 ---p 00172000 00:00 74211              /usr/lib/x86_64-linux-gnu/libstdc++.so.6.0.21
7f558a86f000-7f558aa62000 ---p 0000017f 00:00 74211              /usr/lib/x86_64-linux-gnu/libstdc++.so.6.0.21
7f558aa62000-7f558aa6c000 r--p 00172000 00:00 74211              /usr/lib/x86_64-linux-gnu/libstdc++.so.6.0.21
7f558aa6c000-7f558aa6e000 rw-p 0017c000 00:00 74211              /usr/lib/x86_64-linux-gnu/libstdc++.so.6.0.21
7f558aa6e000-7f558aa72000 rw-p 00000000 00:00 0
7f558aa80000-7f558b6d9000 r-xp 00000000 00:00 474618             /usr/lib/jvm/java-8-openjdk-amd64/jre/lib/amd64/server/libjvm.so
7f558b6d9000-7f558b7a3000 ---p 00c59000 00:00 474618             /usr/lib/jvm/java-8-openjdk-amd64/jre/lib/amd64/server/libjvm.so
7f558b7a3000-7f558b8d9000 ---p 00000d23 00:00 474618             /usr/lib/jvm/java-8-openjdk-amd64/jre/lib/amd64/server/libjvm.so
7f558b8d9000-7f558b96c000 r--p 00c59000 00:00 474618             /usr/lib/jvm/java-8-openjdk-amd64/jre/lib/amd64/server/libjvm.so
7f558b96c000-7f558b995000 rw-p 00cec000 00:00 474618             /usr/lib/jvm/java-8-openjdk-amd64/jre/lib/amd64/server/libjvm.so
7f558b995000-7f558b9c5000 rw-p 00000000 00:00 0
7f558b9d0000-7f558b9e8000 r-xp 00000000 00:00 68415              /lib/x86_64-linux-gnu/libpthread-2.23.so
7f558b9e8000-7f558b9f2000 ---p 00018000 00:00 68415              /lib/x86_64-linux-gnu/libpthread-2.23.so
7f558b9f2000-7f558bbe7000 ---p 00000022 00:00 68415              /lib/x86_64-linux-gnu/libpthread-2.23.so
7f558bbe7000-7f558bbe8000 r--p 00017000 00:00 68415              /lib/x86_64-linux-gnu/libpthread-2.23.so
7f558bbe8000-7f558bbe9000 rw-p 00018000 00:00 68415              /lib/x86_64-linux-gnu/libpthread-2.23.so
7f558bbe9000-7f558bbed000 rw-p 00000000 00:00 0
7f558bbf0000-7f558bbf3000 r-xp 00000000 00:00 68531              /lib/x86_64-linux-gnu/libdl-2.23.so
7f558bbf3000-7f558bbf4000 ---p 00003000 00:00 68531              /lib/x86_64-linux-gnu/libdl-2.23.so
7f558bbf4000-7f558bdf2000 ---p 00000004 00:00 68531              /lib/x86_64-linux-gnu/libdl-2.23.so
7f558bdf2000-7f558bdf3000 r--p 00002000 00:00 68531              /lib/x86_64-linux-gnu/libdl-2.23.so
7f558bdf3000-7f558bdf4000 rw-p 00003000 00:00 68531              /lib/x86_64-linux-gnu/libdl-2.23.so
7f558bdfc000-7f558be00000 r--s 0003c000 00:00 469439             /home/hygl/.m2/wrapper/dists/apache-maven-3.5.2-bin/28qa8v9e2mq69covern8vmdkj0/apache-maven-3.5.2/lib/plexus-utils-3.1.0.jar
7f558be00000-7f558be19000 r-xp 00000000 00:00 68506              /lib/x86_64-linux-gnu/libz.so.1.2.8
7f558be19000-7f558be1a000 ---p 00019000 00:00 68506              /lib/x86_64-linux-gnu/libz.so.1.2.8
7f558be1a000-7f558c018000 ---p 0000001a 00:00 68506              /lib/x86_64-linux-gnu/libz.so.1.2.8
7f558c018000-7f558c019000 r--p 00018000 00:00 68506              /lib/x86_64-linux-gnu/libz.so.1.2.8
7f558c019000-7f558c01a000 rw-p 00019000 00:00 68506              /lib/x86_64-linux-gnu/libz.so.1.2.8
7f558c01d000-7f558c020000 r--s 00011000 00:00 471018             /home/hygl/.m2/wrapper/dists/apache-maven-3.5.2-bin/28qa8v9e2mq69covern8vmdkj0/apache-maven-3.5.2/lib/plexus-interpolation-1.24.jar
7f558c020000-7f558c1e0000 r-xp 00000000 00:00 68493              /lib/x86_64-linux-gnu/libc-2.23.so
7f558c1e0000-7f558c1e9000 ---p 001c0000 00:00 68493              /lib/x86_64-linux-gnu/libc-2.23.so
7f558c1e9000-7f558c3e0000 ---p 000001c9 00:00 68493              /lib/x86_64-linux-gnu/libc-2.23.so
7f558c3e0000-7f558c3e4000 r--p 001c0000 00:00 68493              /lib/x86_64-linux-gnu/libc-2.23.so
7f558c3e4000-7f558c3e6000 rw-p 001c4000 00:00 68493              /lib/x86_64-linux-gnu/libc-2.23.so
7f558c3e6000-7f558c3ea000 rw-p 00000000 00:00 0
7f558c3ea000-7f558c3f0000 r--s 0002d000 00:00 203769             /home/hygl/.m2/wrapper/dists/apache-maven-3.5.2-bin/28qa8v9e2mq69covern8vmdkj0/apache-maven-3.5.2/lib/org.eclipse.sisu.plexus-0.3.3.jar
7f558c3f0000-7f558c3fd000 r-xp 00000000 00:00 474612             /usr/lib/jvm/java-8-openjdk-amd64/jre/lib/amd64/jli/libjli.so
7f558c3fd000-7f558c3ff000 ---p 0000d000 00:00 474612             /usr/lib/jvm/java-8-openjdk-amd64/jre/lib/amd64/jli/libjli.so
7f558c3ff000-7f558c5fd000 ---p 0000000f 00:00 474612             /usr/lib/jvm/java-8-openjdk-amd64/jre/lib/amd64/jli/libjli.so
7f558c5fd000-7f558c5fe000 r--p 0000d000 00:00 474612             /usr/lib/jvm/java-8-openjdk-amd64/jre/lib/amd64/jli/libjli.so
7f558c5fe000-7f558c5ff000 rw-p 0000e000 00:00 474612             /usr/lib/jvm/java-8-openjdk-amd64/jre/lib/amd64/jli/libjli.so
7f558c600000-7f558c625000 r-xp 00000000 00:00 68436              /lib/x86_64-linux-gnu/ld-2.23.so
7f558c625000-7f558c626000 r-xp 00025000 00:00 68436              /lib/x86_64-linux-gnu/ld-2.23.so
7f558c626000-7f558c628000 r--s 0000c000 00:00 423892             /home/hygl/.m2/wrapper/dists/apache-maven-3.5.2-bin/28qa8v9e2mq69covern8vmdkj0/apache-maven-3.5.2/lib/wagon-provider-api-2.12.jar
7f558c628000-7f558c635000 r--s 0008d000 00:00 392885             /home/hygl/.m2/wrapper/dists/apache-maven-3.5.2-bin/28qa8v9e2mq69covern8vmdkj0/apache-maven-3.5.2/lib/maven-core-3.5.2.jar
7f558c635000-7f558c650000 r--s 00394000 00:00 474573             /usr/lib/jvm/java-8-openjdk-amd64/jre/lib/ext/cldrdata.jar
7f558c650000-7f558c69e000 rw-p 00000000 00:00 0
7f558c69e000-7f558c6a0000 r--s 00009000 00:00 421758             /home/hygl/.m2/wrapper/dists/apache-maven-3.5.2-bin/28qa8v9e2mq69covern8vmdkj0/apache-maven-3.5.2/lib/slf4j-api-1.7.25.jar
7f558c6a0000-7f558c716000 rw-p 00000000 00:00 0
7f558c716000-7f558c717000 r--s 00002000 00:00 471331             /home/hygl/.m2/wrapper/dists/apache-maven-3.5.2-bin/28qa8v9e2mq69covern8vmdkj0/apache-maven-3.5.2/lib/wagon-file-2.12.jar
7f558c717000-7f558c719000 r--s 00000000 00:00 296691             /home/hygl/.m2/wrapper/dists/apache-maven-3.5.2-bin/28qa8v9e2mq69covern8vmdkj0/apache-maven-3.5.2/lib/plexus-component-annotations-1.7.1.jar
7f558c719000-7f558c720000 r--s 00056000 00:00 420345             /home/hygl/.m2/wrapper/dists/apache-maven-3.5.2-bin/28qa8v9e2mq69covern8vmdkj0/apache-maven-3.5.2/lib/org.eclipse.sisu.inject-0.3.3.jar
7f558c720000-7f558c723000 ---p 00000000 00:00 0
7f558c723000-7f558c821000 rw-p 00000000 00:00 0
7f558c821000-7f558c822000 r--s 00006000 00:00 297179             /home/hygl/.m2/wrapper/dists/apache-maven-3.5.2-bin/28qa8v9e2mq69covern8vmdkj0/apache-maven-3.5.2/lib/plexus-sec-dispatcher-1.4.jar
7f558c822000-7f558c825000 r--s 00025000 00:00 471182             /home/hygl/.m2/wrapper/dists/apache-maven-3.5.2-bin/28qa8v9e2mq69covern8vmdkj0/apache-maven-3.5.2/lib/maven-shared-utils-3.1.0.jar
7f558c825000-7f558c826000 r--p 00025000 00:00 68436              /lib/x86_64-linux-gnu/ld-2.23.so
7f558c826000-7f558c827000 rw-p 00026000 00:00 68436              /lib/x86_64-linux-gnu/ld-2.23.so
7f558c827000-7f558c828000 rw-p 00000000 00:00 0
7f558c828000-7f558c82a000 r--s 00002000 00:00 297530             /home/hygl/.m2/wrapper/dists/apache-maven-3.5.2-bin/28qa8v9e2mq69covern8vmdkj0/apache-maven-3.5.2/lib/plexus-cipher-1.7.jar
7f558c82a000-7f558c82c000 r--s 00009000 00:00 454639             /home/hygl/.m2/wrapper/dists/apache-maven-3.5.2-bin/28qa8v9e2mq69covern8vmdkj0/apache-maven-3.5.2/lib/maven-settings-builder-3.5.2.jar
7f558c82c000-7f558c830000 r--s 00023000 00:00 470840             /home/hygl/.m2/wrapper/dists/apache-maven-3.5.2-bin/28qa8v9e2mq69covern8vmdkj0/apache-maven-3.5.2/lib/maven-resolver-util-1.1.0.jar
7f558c830000-7f558c88b000 rw-p 00000000 00:00 0
7f558c88b000-7f558c88c000 r--s 00005000 00:00 423907             /home/hygl/.m2/wrapper/dists/apache-maven-3.5.2-bin/28qa8v9e2mq69covern8vmdkj0/apache-maven-3.5.2/lib/maven-slf4j-provider-3.5.2.jar
7f558c88c000-7f558c88e000 r--s 00006000 00:00 423899             /home/hygl/.m2/wrapper/dists/apache-maven-3.5.2-bin/28qa8v9e2mq69covern8vmdkj0/apache-maven-3.5.2/lib/maven-resolver-transport-wagon-1.1.0.jar
7f558c88e000-7f558c890000 r--s 00007000 00:00 217040             /home/hygl/.m2/wrapper/dists/apache-maven-3.5.2-bin/28qa8v9e2mq69covern8vmdkj0/apache-maven-3.5.2/lib/maven-resolver-spi-1.1.0.jar
7f558c890000-7f558c8b8000 rw-p 00000000 00:00 0
7f558c8b8000-7f558c8ba000 r--s 0000f000 00:00 469810             /home/hygl/.m2/wrapper/dists/apache-maven-3.5.2-bin/28qa8v9e2mq69covern8vmdkj0/apache-maven-3.5.2/lib/maven-resolver-provider-3.5.2.jar
7f558c8ba000-7f558c8be000 r--s 0002a000 00:00 217877             /home/hygl/.m2/wrapper/dists/apache-maven-3.5.2-bin/28qa8v9e2mq69covern8vmdkj0/apache-maven-3.5.2/lib/maven-resolver-impl-1.1.0.jar
7f558c8be000-7f558c8c0000 r--s 00009000 00:00 471339             /home/hygl/.m2/wrapper/dists/apache-maven-3.5.2-bin/28qa8v9e2mq69covern8vmdkj0/apache-maven-3.5.2/lib/maven-resolver-connector-basic-1.1.0.jar
7f558c8c0000-7f558c8e8000 rw-p 00000000 00:00 0
7f558c8e8000-7f558c8ec000 r--s 00020000 00:00 471110             /home/hygl/.m2/wrapper/dists/apache-maven-3.5.2-bin/28qa8v9e2mq69covern8vmdkj0/apache-maven-3.5.2/lib/maven-resolver-api-1.1.0.jar
7f558c8ec000-7f558c8f0000 r--s 00028000 00:00 472515             /home/hygl/.m2/wrapper/dists/apache-maven-3.5.2-bin/28qa8v9e2mq69covern8vmdkj0/apache-maven-3.5.2/lib/maven-model-builder-3.5.2.jar
7f558c8f0000-7f558c8f1000 rw-p 00000000 00:00 0
7f558c8f1000-7f558c8f2000 r--s 0000a000 00:00 454613             /home/hygl/.m2/wrapper/dists/apache-maven-3.5.2-bin/28qa8v9e2mq69covern8vmdkj0/apache-maven-3.5.2/lib/maven-settings-3.5.2.jar
7f558c8f2000-7f558c8f4000 r--s 0000a000 00:00 402543             /home/hygl/.m2/wrapper/dists/apache-maven-3.5.2-bin/28qa8v9e2mq69covern8vmdkj0/apache-maven-3.5.2/lib/maven-plugin-api-3.5.2.jar
7f558c8f4000-7f558c8f7000 r--s 00026000 00:00 471022             /home/hygl/.m2/wrapper/dists/apache-maven-3.5.2-bin/28qa8v9e2mq69covern8vmdkj0/apache-maven-3.5.2/lib/maven-model-3.5.2.jar
7f558c8f7000-7f558c8fa000 r--s 00015000 00:00 471016             /home/hygl/.m2/wrapper/dists/apache-maven-3.5.2-bin/28qa8v9e2mq69covern8vmdkj0/apache-maven-3.5.2/lib/maven-embedder-3.5.2.jar
7f558c8fa000-7f558c900000 r--s 00041000 00:00 468124             /home/hygl/.m2/wrapper/dists/apache-maven-3.5.2-bin/28qa8v9e2mq69covern8vmdkj0/apache-maven-3.5.2/lib/maven-compat-3.5.2.jar
7f558c900000-7f558c901000 r--p 00000000 00:00 0
7f558c901000-7f558c902000 r--s 00006000 00:00 199973             /home/hygl/.m2/wrapper/dists/apache-maven-3.5.2-bin/28qa8v9e2mq69covern8vmdkj0/apache-maven-3.5.2/lib/maven-repository-metadata-3.5.2.jar
7f558c902000-7f558c903000 r--s 00003000 00:00 260521             /home/hygl/.m2/wrapper/dists/apache-maven-3.5.2-bin/28qa8v9e2mq69covern8vmdkj0/apache-maven-3.5.2/lib/maven-builder-support-3.5.2.jar
7f558c903000-7f558c905000 r--s 0000c000 00:00 200526             /home/hygl/.m2/wrapper/dists/apache-maven-3.5.2-bin/28qa8v9e2mq69covern8vmdkj0/apache-maven-3.5.2/lib/maven-artifact-3.5.2.jar
7f558c905000-7f558c907000 r--s 00003000 00:00 471317             /home/hygl/.m2/wrapper/dists/apache-maven-3.5.2-bin/28qa8v9e2mq69covern8vmdkj0/apache-maven-3.5.2/lib/jcl-over-slf4j-1.7.25.jar
7f558c907000-7f558c910000 r--s 0005f000 00:00 218570             /home/hygl/.m2/wrapper/dists/apache-maven-3.5.2-bin/28qa8v9e2mq69covern8vmdkj0/apache-maven-3.5.2/lib/guice-4.0-no_aop.jar
7f558c910000-7f558c911000 rw-p 00000000 00:00 0
7f558c911000-7f558c914000 r--s 0003c000 00:00 471465             /home/hygl/.m2/wrapper/dists/apache-maven-3.5.2-bin/28qa8v9e2mq69covern8vmdkj0/apache-maven-3.5.2/lib/jansi-1.16.jar
7f558c914000-7f558c91c000 r--s 0006e000 00:00 454968             /home/hygl/.m2/wrapper/dists/apache-maven-3.5.2-bin/28qa8v9e2mq69covern8vmdkj0/apache-maven-3.5.2/lib/commons-lang3-3.5.jar
7f558c91c000-7f558c920000 r--s 0002f000 00:00 472516             /home/hygl/.m2/wrapper/dists/apache-maven-3.5.2-bin/28qa8v9e2mq69covern8vmdkj0/apache-maven-3.5.2/lib/commons-io-2.5.jar
7f558c920000-7f558c921000 rw-p 00000000 00:00 0
7f558c921000-7f558c922000 r--s 00001000 00:00 403113             /home/hygl/.m2/wrapper/dists/apache-maven-3.5.2-bin/28qa8v9e2mq69covern8vmdkj0/apache-maven-3.5.2/lib/jsr250-api-1.0.jar
7f558c922000-7f558c924000 r--s 0000c000 00:00 471272             /home/hygl/.m2/wrapper/dists/apache-maven-3.5.2-bin/28qa8v9e2mq69covern8vmdkj0/apache-maven-3.5.2/lib/commons-cli-1.4.jar
7f558c924000-7f558c927000 r--s 00008000 00:00 472514             /home/hygl/.m2/wrapper/dists/apache-maven-3.5.2-bin/28qa8v9e2mq69covern8vmdkj0/apache-maven-3.5.2/lib/cdi-api-1.0.jar
7f558c927000-7f558c929000 r--s 00000000 00:00 421208             /home/hygl/.m2/wrapper/dists/apache-maven-3.5.2-bin/28qa8v9e2mq69covern8vmdkj0/apache-maven-3.5.2/lib/aopalliance-1.0.jar
7f558c929000-7f558c92b000 r--s 0000b000 00:00 469430             /home/hygl/.m2/wrapper/dists/apache-maven-3.5.2-bin/28qa8v9e2mq69covern8vmdkj0/apache-maven-3.5.2/boot/plexus-classworlds-2.5.2.jar
7f558c92b000-7f558c930000 r--s 0009d000 00:00 474703             /usr/lib/jvm/java-8-openjdk-amd64/jre/lib/jsse.jar
7f558c930000-7f558c931000 rw-p 00000000 00:00 0
7f558c931000-7f558c932000 r--s 00000000 00:00 405932             /home/hygl/.m2/wrapper/dists/apache-maven-3.5.2-bin/28qa8v9e2mq69covern8vmdkj0/apache-maven-3.5.2/lib/javax.inject-1.jar
7f558c932000-7f558c934000 r--s 0000a000 00:00 134337             /mnt/c/Users/hygl/src/spring-boot-example/.mvn/wrapper/maven-wrapper.jar
7f558c934000-7f558c935000 r--s 00010000 00:00 474570             /usr/lib/jvm/java-8-openjdk-amd64/jre/lib/ext/zipfs.jar
7f558c935000-7f558c938000 r--s 00038000 00:00 474572             /usr/lib/jvm/java-8-openjdk-amd64/jre/lib/ext/sunpkcs11.jar
7f558c938000-7f558c93e000 r--s 0003b000 00:00 474574             /usr/lib/jvm/java-8-openjdk-amd64/jre/lib/ext/sunjce_provider.jar
7f558c93e000-7f558c940000 r--s 00008000 00:00 474568             /usr/lib/jvm/java-8-openjdk-amd64/jre/lib/ext/sunec.jar
7f558c940000-7f558c941000 rw-p 00000000 00:00 0
7f558c941000-7f558c94b000 r--s 00116000 00:00 474578             /usr/lib/jvm/java-8-openjdk-amd64/jre/lib/ext/localedata.jar
7f558c94b000-7f558c94e000 r--s 0000f000 00:00 474575             /usr/lib/jvm/java-8-openjdk-amd64/jre/lib/ext/icedtea-sound.jar
7f558c94e000-7f558c950000 r--s 00001000 00:00 474571             /usr/lib/jvm/java-8-openjdk-amd64/jre/lib/ext/dnsns.jar
7f558c950000-7f558c951000 rw-p 00000000 00:00 0
7f558c951000-7f558c952000 r--s 0000a000 00:00 474577             /usr/lib/jvm/java-8-openjdk-amd64/jre/lib/ext/jaccess.jar
7f558c952000-7f558c95a000 rw-s 00000000 00:00 494800             /tmp/hsperfdata_hygl/13081
7fffd8fa7000-7fffd97a7000 rw-p 00000000 00:00 0                  [stack]
7fffd9d44000-7fffd9d45000 r-xp 00000000 00:00 0                  [vdso]

VM Arguments:
jvm_args: -Dmaven.home=/home/hygl/src -Dmaven.multiModuleProjectDirectory=/home/hygl/src/spring-boot-example 
java_command: org.apache.maven.wrapper.MavenWrapperMain compile jib:build
java_class_path (initial): /home/hygl/src/spring-boot-example/.mvn/wrapper/maven-wrapper.jar
Launcher Type: SUN_STANDARD

Environment Variables:
JAVA_HOME=/usr/lib/jvm/java-8-openjdk-amd64
PATH=/home/hygl/bin:/home/hygl/.local/bin:/usr/local/sbin:/usr/local/bin:/usr/sbin:/usr/bin:/sbin:/bin:/usr/games:/usr/local/games:/mnt/c/Users/hygl/scoop/apps/conemu/18.06.26/ConEmu/wsl:/mnt/c/Users/hygl/scoop/apps/conemu/18.06.26:/mnt/c/Users/hygl/scoop/apps/conemu/18.06.26/ConEmu:/mnt/c/Program Files/Docker/Docker/resources/bin:/mnt/c/ProgramData/scoop/shims:/mnt/c/Windows/System32:/mnt/c/Windows:/mnt/c/Windows/System32/wbem:/mnt/c/Windows/System32/WindowsPowerShell/v1.0:/mnt/c/Windows/System32:/mnt/c/Windows:/mnt/c/Windows/System32/wbem:/mnt/c/Windows/System32/WindowsPowerShell/v1.0:/mnt/c/Users/hygl/bin:/mnt/c/Program Files (x86)/Windows Kits/8.1/Windows Performance Toolkit:/mnt/c/Windows/System32/OpenSSH:/mnt/c/Program Files/Intel/WiFi/bin:/mnt/c/Program Files/Common Files/Intel/WirelessCommon:/mnt/c/Program Files/Microsoft VS Code/bin:/mnt/c/Users/hygl/scoop/apps/openjdk/10.0.1/bin:/mnt/c/Users/hygl/scoop/persist/nodejs-lts/bin:/mnt/c/Users/hygl/scoop/apps/nodejs-lts/8.11.3:/mnt/c/Users/hygl/scoop/shims:/mnt/c/Users/hygl/AppData/Local/Microsoft/WindowsApps:/mnt/c/Users/hygl/bin:/mnt/c/Program Files/Microsoft VS Code/bin:/mnt/c/Program Files/Intel/WiFi/bin:/mnt/c/Program Files/Common Files/Intel/WirelessCommon:/mnt/c/Users/hygl/AppData/Local/Microsoft/WindowsApps:/snap/bin
SHELL=/bin/bash
HOSTTYPE=x86_64

Signal Handlers:
SIGSEGV: [libjvm.so+0xa6e6f0], sa_mask[0]=11111111111111111111111111111110, sa_flags=SA_RESTART|SA_SIGINFO
SIGBUS: [libjvm.so+0xa6e6f0], sa_mask[0]=11111111111111111111111111111110, sa_flags=SA_RESTART|SA_SIGINFO
SIGFPE: [libjvm.so+0x8b5d50], sa_mask[0]=11111111111111111111111111111110, sa_flags=SA_RESTART|SA_SIGINFO
SIGPIPE: [libjvm.so+0x8b5d50], sa_mask[0]=11111111111111111111111111111110, sa_flags=SA_RESTART|SA_SIGINFO
SIGXFSZ: [libjvm.so+0x8b5d50], sa_mask[0]=11111111111111111111111111111110, sa_flags=SA_RESTART|SA_SIGINFO
SIGILL: [libjvm.so+0x8b5d50], sa_mask[0]=11111111111111111111111111111110, sa_flags=SA_RESTART|SA_SIGINFO
SIGUSR1: SIG_DFL, sa_mask[0]=00000000000000000000000000000000, sa_flags=none
SIGUSR2: [libjvm.so+0x8b5c00], sa_mask[0]=00000000000000000000000000000000, sa_flags=SA_RESTART|SA_SIGINFO
SIGHUP: [libjvm.so+0x8b60d0], sa_mask[0]=11111111111111111111111111111110, sa_flags=SA_RESTART|SA_SIGINFO
SIGINT: [libjvm.so+0x8b60d0], sa_mask[0]=11111111111111111111111111111110, sa_flags=SA_RESTART|SA_SIGINFO
SIGTERM: [libjvm.so+0x8b60d0], sa_mask[0]=11111111111111111111111111111110, sa_flags=SA_RESTART|SA_SIGINFO
SIGQUIT: [libjvm.so+0x8b60d0], sa_mask[0]=11111111111111111111111111111110, sa_flags=SA_RESTART|SA_SIGINFO


---------------  S Y S T E M  ---------------

OS:DISTRIB_ID=Ubuntu
DISTRIB_RELEASE=16.04
DISTRIB_CODENAME=xenial
DISTRIB_DESCRIPTION="Ubuntu 16.04.4 LTS"

uname:Linux 4.4.0-17134-Microsoft #137-Microsoft Thu Jun 14 18:46:00 PST 2018 x86_64
libc:glibc 2.23 NPTL 2.23 
rlimit: STACK 8192k, CORE 0k, NPROC 7823, NOFILE 65536, AS infinity
load average:0.52 0.58 0.59

/proc/meminfo:
MemTotal:        8184940 kB
MemFree:          499120 kB
Buffers:           34032 kB
Cached:           188576 kB
SwapCached:            0 kB
Active:           167556 kB
Inactive:         157876 kB
Active(anon):     103104 kB
Inactive(anon):    17440 kB
Active(file):      64452 kB
Inactive(file):   140436 kB
Unevictable:           0 kB
Mlocked:               0 kB
SwapTotal:             0 kB
SwapFree:              0 kB
Dirty:                 0 kB
Writeback:             0 kB
AnonPages:        102824 kB
Mapped:            71404 kB
Shmem:             17720 kB
Slab:              13868 kB
SReclaimable:       6744 kB
SUnreclaim:         7124 kB
KernelStack:        2848 kB
PageTables:         2524 kB
NFS_Unstable:          0 kB
Bounce:                0 kB
WritebackTmp:          0 kB
CommitLimit:      515524 kB
Committed_AS:    3450064 kB
VmallocTotal:     122880 kB
VmallocUsed:       21296 kB
VmallocChunk:      66044 kB
HardwareCorrupted:     0 kB
AnonHugePages:      2048 kB
HugePages_Total:       0
HugePages_Free:        0
HugePages_Rsvd:        0
HugePages_Surp:        0
Hugepagesize:       2048 kB
DirectMap4k:       12280 kB
DirectMap4M:      897024 kB


CPU:total 4 (initial active 4) (2 cores per cpu, 2 threads per core) family 6 model 69 stepping 1, cmov, cx8, fxsr, mmx, sse, sse2, sse3, ssse3, sse4.1, sse4.2, popcnt, avx, avx2, aes, clmul, erms, lzcnt, ht, tsc, tscinvbit, bmi1, bmi2

/proc/cpuinfo:
processor	: 0
vendor_id	: GenuineIntel
cpu family	: 6
model		: 69
model name	: Intel(R) Core(TM) i5-4300U CPU @ 1.90GHz
stepping	: 1
microcode	: 0xffffffff
cpu MHz		: 2501.000
cache size	: 256 KB
physical id	: 0
siblings	: 4
core id		: 0
cpu cores	: 2
apicid		: 0
initial apicid	: 0
fpu		: yes
fpu_exception	: yes
cpuid level	: 6
wp		: yes
flags		: fpu vme de pse tsc msr pae mce cx8 apic sep mtrr pge mca cmov pat pse36 clflush acpi mmx fxsr sse sse2 ss ht tm pbe syscall nx pdpe1gb rdtscp lm pni pclmulqdq est tm2 ssse3 fma cx16 xtpr pdcm pcid sse4_1 sse4_2 movbe popcnt aes xsave osxsave avx f16c rdrand hypervisor
bogomips	: 5002.00
clflush size	: 64
cache_alignment	: 64
address sizes	: 36 bits physical, 48 bits virtual
power management:

processor	: 1
vendor_id	: GenuineIntel
cpu family	: 6
model		: 69
model name	: Intel(R) Core(TM) i5-4300U CPU @ 1.90GHz
stepping	: 1
microcode	: 0xffffffff
cpu MHz		: 2501.000
cache size	: 256 KB
physical id	: 0
siblings	: 4
core id		: 0
cpu cores	: 2
apicid		: 0
initial apicid	: 0
fpu		: yes
fpu_exception	: yes
cpuid level	: 6
wp		: yes
flags		: fpu vme de pse tsc msr pae mce cx8 apic sep mtrr pge mca cmov pat pse36 clflush acpi mmx fxsr sse sse2 ss ht tm pbe syscall nx pdpe1gb rdtscp lm pni pclmulqdq est tm2 ssse3 fma cx16 xtpr pdcm pcid sse4_1 sse4_2 movbe popcnt aes xsave osxsave avx f16c rdrand hypervisor
bogomips	: 5002.00
clflush size	: 64
cache_alignment	: 64
address sizes	: 36 bits physical, 48 bits virtual
power management:

processor	: 2
vendor_id	: GenuineIntel
cpu family	: 6
model		: 69
model name	: Intel(R) Core(TM) i5-4300U CPU @ 1.90GHz
stepping	: 1
microcode	: 0xffffffff
cpu MHz		: 2501.000
cache size	: 256 KB
physical id	: 0
siblings	: 4
core id		: 1
cpu cores	: 2
apicid		: 0
initial apicid	: 0
fpu		: yes
fpu_exception	: yes
cpuid level	: 6
wp		: yes
flags		: fpu vme de pse tsc msr pae mce cx8 apic sep mtrr pge mca cmov pat pse36 clflush acpi mmx fxsr sse sse2 ss ht tm pbe syscall nx pdpe1gb rdtscp lm pni pclmulqdq est tm2 ssse3 fma cx16 xtpr pdcm pcid sse4_1 sse4_2 movbe popcnt aes xsave osxsave avx f16c rdrand hypervisor
bogomips	: 5002.00
clflush size	: 64
cache_alignment	: 64
address sizes	: 36 bits physical, 48 bits virtual
power management:

processor	: 3
vendor_id	: GenuineIntel
cpu family	: 6
model		: 69
model name	: Intel(R) Core(TM) i5-4300U CPU @ 1.90GHz
stepping	: 1
microcode	: 0xffffffff
cpu MHz		: 2501.000
cache size	: 256 KB
physical id	: 0
siblings	: 4
core id		: 1
cpu cores	: 2
apicid		: 0
initial apicid	: 0
fpu		: yes
fpu_exception	: yes
cpuid level	: 6
wp		: yes
flags		: fpu vme de pse tsc msr pae mce cx8 apic sep mtrr pge mca cmov pat pse36 clflush acpi mmx fxsr sse sse2 ss ht tm pbe syscall nx pdpe1gb rdtscp lm pni pclmulqdq est tm2 ssse3 fma cx16 xtpr pdcm pcid sse4_1 sse4_2 movbe popcnt aes xsave osxsave avx f16c rdrand hypervisor
bogomips	: 5002.00
clflush size	: 64
cache_alignment	: 64
address sizes	: 36 bits physical, 48 bits virtual
power management:



Memory: 4k page, physical 8184940k(499376k free), swap 0k(0k free)

vm_info: OpenJDK 64-Bit Server VM (25.171-b11) for linux-amd64 JRE (1.8.0_171-8u171-b11-0ubuntu0.16.04.1-b11), built on Apr 27 2018 17:19:03 by "buildd" with gcc 5.4.0 20160609

time: Tue Jul 10 22:12:43 2018
elapsed time: 6 seconds (0d 0h 0m 6s)

